C:\Program Files (x86)\Microsoft Visual Studio\2019\Community\MSBuild\Microsoft\VC\v160\Microsoft.CppBuild.targets(513,5): warning MSB8028: Katalog pośredni (Debug\) zawiera pliki udostępnione z innego projektu (ProjektVisualStudio2013.vcxproj). Może to spowodować niepoprawne zachowanie podczas oczyszczania i ponownej kompilacji.
cl : wiersz polecenia warning D9035: Opcja "Gm" jest przestarzała i będzie usunięta w przyszłych wydaniach
  winbgi2.cpp
C:\code\Totolotek\winbgi2.cpp(555,7): warning C4244: "inicjowanie": konwersja z "double" do "int", możliwa utrata danych
C:\code\Totolotek\winbgi2.cpp(555,13): warning C4244: "inicjowanie": konwersja z "double" do "int", możliwa utrata danych
C:\code\Totolotek\winbgi2.cpp(555,19): warning C4244: "inicjowanie": konwersja z "double" do "int", możliwa utrata danych
C:\code\Totolotek\winbgi2.cpp(1080,53): warning C4244: "argument": konwersja z "double" do "int", możliwa utrata danych
C:\code\Totolotek\winbgi2.cpp(1080,48): warning C4244: "argument": konwersja z "double" do "int", możliwa utrata danych
C:\code\Totolotek\winbgi2.cpp(1080,44): warning C4244: "argument": konwersja z "double" do "int", możliwa utrata danych
C:\code\Totolotek\winbgi2.cpp(1080,39): warning C4244: "argument": konwersja z "double" do "int", możliwa utrata danych
C:\code\Totolotek\winbgi2.cpp(1080,33): warning C4244: "argument": konwersja z "double" do "int", możliwa utrata danych
C:\code\Totolotek\winbgi2.cpp(1080,27): warning C4244: "argument": konwersja z "double" do "int", możliwa utrata danych
C:\code\Totolotek\winbgi2.cpp(1080,21): warning C4244: "argument": konwersja z "double" do "int", możliwa utrata danych
C:\code\Totolotek\winbgi2.cpp(1080,15): warning C4244: "argument": konwersja z "double" do "int", możliwa utrata danych
C:\code\Totolotek\winbgi2.cpp(1083,60): warning C4244: "argument": konwersja z "double" do "int", możliwa utrata danych
C:\code\Totolotek\winbgi2.cpp(1083,55): warning C4244: "argument": konwersja z "double" do "int", możliwa utrata danych
C:\code\Totolotek\winbgi2.cpp(1083,51): warning C4244: "argument": konwersja z "double" do "int", możliwa utrata danych
C:\code\Totolotek\winbgi2.cpp(1083,46): warning C4244: "argument": konwersja z "double" do "int", możliwa utrata danych
C:\code\Totolotek\winbgi2.cpp(1083,40): warning C4244: "argument": konwersja z "double" do "int", możliwa utrata danych
C:\code\Totolotek\winbgi2.cpp(1083,34): warning C4244: "argument": konwersja z "double" do "int", możliwa utrata danych
C:\code\Totolotek\winbgi2.cpp(1083,28): warning C4244: "argument": konwersja z "double" do "int", możliwa utrata danych
C:\code\Totolotek\winbgi2.cpp(1083,22): warning C4244: "argument": konwersja z "double" do "int", możliwa utrata danych
C:\code\Totolotek\winbgi2.cpp(1093,12): warning C4244: "inicjowanie": konwersja z "double" do "int", możliwa utrata danych
C:\code\Totolotek\winbgi2.cpp(1094,12): warning C4244: "inicjowanie": konwersja z "double" do "int", możliwa utrata danych
C:\code\Totolotek\winbgi2.cpp(1096,53): warning C4244: "argument": konwersja z "double" do "int", możliwa utrata danych
C:\code\Totolotek\winbgi2.cpp(1096,48): warning C4244: "argument": konwersja z "double" do "int", możliwa utrata danych
C:\code\Totolotek\winbgi2.cpp(1096,44): warning C4244: "argument": konwersja z "double" do "int", możliwa utrata danych
C:\code\Totolotek\winbgi2.cpp(1096,39): warning C4244: "argument": konwersja z "double" do "int", możliwa utrata danych
C:\code\Totolotek\winbgi2.cpp(1096,33): warning C4244: "argument": konwersja z "double" do "int", możliwa utrata danych
C:\code\Totolotek\winbgi2.cpp(1096,27): warning C4244: "argument": konwersja z "double" do "int", możliwa utrata danych
C:\code\Totolotek\winbgi2.cpp(1096,21): warning C4244: "argument": konwersja z "double" do "int", możliwa utrata danych
C:\code\Totolotek\winbgi2.cpp(1096,15): warning C4244: "argument": konwersja z "double" do "int", możliwa utrata danych
C:\code\Totolotek\winbgi2.cpp(1099,60): warning C4244: "argument": konwersja z "double" do "int", możliwa utrata danych
C:\code\Totolotek\winbgi2.cpp(1099,55): warning C4244: "argument": konwersja z "double" do "int", możliwa utrata danych
C:\code\Totolotek\winbgi2.cpp(1099,51): warning C4244: "argument": konwersja z "double" do "int", możliwa utrata danych
C:\code\Totolotek\winbgi2.cpp(1099,46): warning C4244: "argument": konwersja z "double" do "int", możliwa utrata danych
C:\code\Totolotek\winbgi2.cpp(1099,40): warning C4244: "argument": konwersja z "double" do "int", możliwa utrata danych
C:\code\Totolotek\winbgi2.cpp(1099,34): warning C4244: "argument": konwersja z "double" do "int", możliwa utrata danych
C:\code\Totolotek\winbgi2.cpp(1099,28): warning C4244: "argument": konwersja z "double" do "int", możliwa utrata danych
C:\code\Totolotek\winbgi2.cpp(1099,22): warning C4244: "argument": konwersja z "double" do "int", możliwa utrata danych
C:\code\Totolotek\winbgi2.cpp(1331,17): warning C4244: "=": konwersja z "double" do "LONG", możliwa utrata danych
C:\code\Totolotek\winbgi2.cpp(1332,17): warning C4244: "=": konwersja z "double" do "LONG", możliwa utrata danych
C:\code\Totolotek\winbgi2.cpp(1333,17): warning C4244: "=": konwersja z "double" do "LONG", możliwa utrata danych
C:\code\Totolotek\winbgi2.cpp(1334,17): warning C4244: "=": konwersja z "double" do "LONG", możliwa utrata danych
C:\code\Totolotek\winbgi2.cpp(1343,22): warning C4244: "=": konwersja z "double" do "int", możliwa utrata danych
C:\code\Totolotek\winbgi2.cpp(1344,22): warning C4244: "=": konwersja z "double" do "int", możliwa utrata danych
C:\code\Totolotek\winbgi2.cpp(1626,13): warning C4244: "argument": konwersja z "double" do "int", możliwa utrata danych
C:\code\Totolotek\winbgi2.cpp(1626,11): warning C4244: "argument": konwersja z "double" do "int", możliwa utrata danych
C:\code\Totolotek\winbgi2.cpp(2114,15): warning C4244: "argument": konwersja z "double" do "unsigned int", możliwa utrata danych
C:\code\Totolotek\winbgi2.cpp(2161,9): warning C4244: "inicjowanie": konwersja z "double" do "int", możliwa utrata danych
C:\code\Totolotek\winbgi2.cpp(2162,9): warning C4244: "inicjowanie": konwersja z "double" do "int", możliwa utrata danych
C:\code\Totolotek\winbgi2.cpp(2183,24): warning C4244: "argument": konwersja z "double" do "int", możliwa utrata danych
C:\code\Totolotek\winbgi2.cpp(2183,16): warning C4244: "argument": konwersja z "double" do "int", możliwa utrata danych
C:\code\Totolotek\winbgi2.cpp(2204,25): warning C4244: "argument": konwersja z "double" do "int", możliwa utrata danych
C:\code\Totolotek\winbgi2.cpp(2204,16): warning C4244: "argument": konwersja z "double" do "int", możliwa utrata danych
C:\code\Totolotek\winbgi2.cpp(2213,41): warning C4244: "argument": konwersja z "double" do "int", możliwa utrata danych
C:\code\Totolotek\winbgi2.cpp(2213,34): warning C4244: "argument": konwersja z "double" do "int", możliwa utrata danych
C:\code\Totolotek\winbgi2.cpp(2213,29): warning C4244: "argument": konwersja z "double" do "int", możliwa utrata danych
C:\code\Totolotek\winbgi2.cpp(2213,20): warning C4244: "argument": konwersja z "double" do "int", możliwa utrata danych
C:\code\Totolotek\winbgi2.cpp(2229,9): warning C4244: "inicjowanie": konwersja z "double" do "int", możliwa utrata danych
C:\code\Totolotek\winbgi2.cpp(2230,9): warning C4244: "inicjowanie": konwersja z "double" do "int", możliwa utrata danych
C:\code\Totolotek\winbgi2.cpp(2241,41): warning C4244: "argument": konwersja z "double" do "int", możliwa utrata danych
C:\code\Totolotek\winbgi2.cpp(2241,34): warning C4244: "argument": konwersja z "double" do "int", możliwa utrata danych
C:\code\Totolotek\winbgi2.cpp(2241,29): warning C4244: "argument": konwersja z "double" do "int", możliwa utrata danych
C:\code\Totolotek\winbgi2.cpp(2241,20): warning C4244: "argument": konwersja z "double" do "int", możliwa utrata danych
  main.cpp
  interface.cpp
  board.cpp
C:\code\Totolotek\board.cpp(151,12): warning C4244: "argument": konwersja z "time_t" do "unsigned int", możliwa utrata danych
C:\code\Totolotek\board.cpp(188,45): warning C4244: "-=": konwersja z "double" do "int", możliwa utrata danych
C:\code\Totolotek\board.cpp(189,45): warning C4244: "-=": konwersja z "double" do "int", możliwa utrata danych
C:\code\Totolotek\board.cpp(191,45): warning C4244: "+=": konwersja z "double" do "int", możliwa utrata danych
C:\code\Totolotek\board.cpp(192,45): warning C4244: "+=": konwersja z "double" do "int", możliwa utrata danych
C:\code\Totolotek\board.cpp(199,12): warning C4244: "argument": konwersja z "time_t" do "unsigned int", możliwa utrata danych
C:\code\Totolotek\board.cpp(343,54): warning C4244: "argument": konwersja z "double" do "float", możliwa utrata danych
C:\code\Totolotek\board.cpp(380,43): warning C4244: "argument": konwersja z "double" do "float", możliwa utrata danych
C:\code\Totolotek\board.cpp(336,9): warning C4101: "overlap": lokalna zmienna, do której nie istnieje odwołanie
C:\code\Totolotek\board.cpp(455,57): warning C4244: "argument": konwersja z "double" do "float", możliwa utrata danych
C:\code\Totolotek\board.cpp(468,45): warning C4244: "-=": konwersja z "double" do "int", możliwa utrata danych
C:\code\Totolotek\board.cpp(469,45): warning C4244: "-=": konwersja z "double" do "int", możliwa utrata danych
C:\code\Totolotek\board.cpp(471,45): warning C4244: "+=": konwersja z "double" do "int", możliwa utrata danych
C:\code\Totolotek\board.cpp(472,45): warning C4244: "+=": konwersja z "double" do "int", możliwa utrata danych
C:\code\Totolotek\board.cpp(479,58): warning C4244: "argument": konwersja z "double" do "float", możliwa utrata danych
C:\code\Totolotek\board.cpp(438,9): warning C4101: "check_sum1": lokalna zmienna, do której nie istnieje odwołanie
C:\code\Totolotek\board.cpp(439,9): warning C4101: "check_sum2": lokalna zmienna, do której nie istnieje odwołanie
  Generowanie kodu...
board.obj : warning LNK4075: zignorowano opcję „/EDITANDCONTINUE” z powodu określenia opcji „/SAFESEH”
  ProjektVisualStudio2008.vcxproj -> C:\code\Totolotek\Debug\Grafika.exe
